生成启动时间为 2015/8/19 16:33:52。
     1>项目“E:\VS2010Storage\BinaryTree\BinaryTree\BinaryTree.vcxproj”在节点 2 上(build 个目标)。
     1>InitializeBuildStatus:
         正在创建“Debug\BinaryTree.unsuccessfulbuild”，因为已指定“AlwaysCreate”。
       ClCompile:
         e:\VS2010SetupFile\VC\bin\CL.exe /c /ZI /nologo /W3 /WX- /Od /Oy- /D WIN32 /D _DEBUG /D _CONSOLE /D _UNICODE /D UNICODE /Gm /EHsc /RTC1 /MDd /GS /fp:precise /Zc:wchar_t /Zc:forScope /Fo"Debug\\" /Fd"Debug\vc100.pdb" /Gd /TC /analyze- /errorReport:prompt InsertNodeToSortTree.c
         InsertNodeToSortTree.c
       ManifestResourceCompile:
         所有输出均为最新。
       Link:
         e:\VS2010SetupFile\VC\bin\link.exe /ERRORREPORT:PROMPT /OUT:"E:\VS2010Storage\BinaryTree\Debug\BinaryTree.exe" /INCREMENTAL /NOLOGO kernel32.lib user32.lib gdi32.lib winspool.lib comdlg32.lib advapi32.lib shell32.lib ole32.lib oleaut32.lib uuid.lib odbc32.lib odbccp32.lib /MANIFEST /ManifestFile:"Debug\BinaryTree.exe.intermediate.manifest" /MANIFESTUAC:"level='asInvoker' uiAccess='false'" /DEBUG /PDB:"E:\VS2010Storage\BinaryTree\Debug\BinaryTree.pdb" /SUBSYSTEM:CONSOLE /TLBID:1 /DYNAMICBASE /NXCOMPAT /IMPLIB:"E:\VS2010Storage\BinaryTree\Debug\BinaryTree.lib" /MACHINE:X86 Debug\BinaryTree.exe.embed.manifest.res
         Debug\BinaryTreeHigh.obj
         Debug\BinaryTreeMain.obj
         Debug\CreateBinaryTree.obj
         Debug\CreateSortBinaryTree.obj
         Debug\InsertNodeToSortTree.obj
         Debug\InOrder.obj
         Debug\IsSortBinaryTree.obj
         Debug\LeafNodeNum.obj
         Debug\LeverlOrder.obj
         Debug\OneDegree.obj
         Debug\PostOrder.obj
         Debug\PreOrder.obj
         Debug\TwoDegree.obj
       Manifest:
         C:\Program Files\Microsoft SDKs\Windows\v7.0A\bin\mt.exe /nologo /verbose /out:"Debug\BinaryTree.exe.embed.manifest" /manifest Debug\BinaryTree.exe.intermediate.manifest
         所有输出均为最新。
       LinkEmbedManifest:
         所有输出均为最新。
         BinaryTree.vcxproj -> E:\VS2010Storage\BinaryTree\Debug\BinaryTree.exe
       FinalizeBuildStatus:
         正在删除文件“Debug\BinaryTree.unsuccessfulbuild”。
         正在对“Debug\BinaryTree.lastbuildstate”执行 Touch 任务。
     1>已完成生成项目“E:\VS2010Storage\BinaryTree\BinaryTree\BinaryTree.vcxproj”(build 个目标)的操作。

生成成功。

已用时间 00:00:01.82
